-------------------------------------------------------------------------------
Test set: all.issue3030BetweenBanks.Issue3030BetweenBanksTest
-------------------------------------------------------------------------------
Tests run: 1, Failures: 1, Errors: 0, Skipped: 0, Time elapsed: 0.006 sec <<< FAILURE!
all.issue3030BetweenBanks.Issue3030BetweenBanksTest.test3030BetweenBanks()  Time elapsed: 0.006 sec  <<< FAILURE!
java.lang.NullPointerException: Cannot invoke "org.openqa.selenium.WebDriver.navigate()" because "this.driver" is null
	at all.issue3030BetweenBanks.Issue3030BetweenBanksMainPage.open(Issue3030BetweenBanksMainPage.java:97)
	at all.issue3030BetweenBanks.Issue3030BetweenBanksTest.test3030BetweenBanks(Issue3030BetweenBanksTest.java:19)

