-------------------------------------------------------------------------------
Test set: all.issue3027ServiceSp.Issue3027ServiceSpTest
-------------------------------------------------------------------------------
Tests run: 1, Failures: 1, Errors: 0, Skipped: 0, Time elapsed: 0.004 sec <<< FAILURE!
all.issue3027ServiceSp.Issue3027ServiceSpTest.test3027ServiceSp()  Time elapsed: 0.004 sec  <<< FAILURE!
java.lang.NullPointerException: Cannot invoke "org.openqa.selenium.WebDriver.navigate()" because "this.driver" is null
	at all.issue3027ServiceSp.Issue3027ServiceSpMainPage.open(Issue3027ServiceSpMainPage.java:80)
	at all.issue3027ServiceSp.Issue3027ServiceSpTest.test3027ServiceSp(Issue3027ServiceSpTest.java:15)

